--------------------------------------------------------------------------------
Release 14.7 Trace  (lin64)
Copyright (c) 1995-2013 Xilinx, Inc.  All rights reserved.

/opt/Xilinx/14.7/ISE_DS/ISE/bin/lin64/unwrapped/trce -intstyle ise -v 3 -s 3 -n
3 -fastpaths -xml DIV32.twx DIV32.ncd -o DIV32.twr DIV32.pcf

Design file:              DIV32.ncd
Physical constraint file: DIV32.pcf
Device,package,speed:     xc6slx45t,fgg484,C,-3 (PRODUCTION 1.23 2013-10-13)
Report level:             verbose report

Environment Variable      Effect 
--------------------      ------ 
NONE                      No environment variables were set
--------------------------------------------------------------------------------

INFO:Timing:2698 - No timing constraints found, doing default enumeration.
INFO:Timing:3412 - To improve timing, see the Timing Closure User Guide (UG612).
INFO:Timing:2752 - To get complete path coverage, use the unconstrained paths 
   option. All paths that are not constrained will be reported in the 
   unconstrained paths section(s) of the report.
INFO:Timing:3339 - The clock-to-out numbers in this timing report are based on 
   a 50 Ohm transmission line loading model.  For the details of this model, 
   and for more information on accounting for different loading conditions, 
   please see the device datasheet.



Data Sheet report:
-----------------
All values displayed in nanoseconds (ns)

Setup/Hold to clock CLK
------------+------------+------------+------------+------------+------------------+--------+
            |Max Setup to|  Process   |Max Hold to |  Process   |                  | Clock  |
Source      | clk (edge) |   Corner   | clk (edge) |   Corner   |Internal Clock(s) | Phase  |
------------+------------+------------+------------+------------+------------------+--------+
Din<0>      |    2.059(R)|      SLOW  |   -1.434(R)|      FAST  |CLK_BUFGP         |   0.000|
Din<1>      |    1.989(R)|      SLOW  |   -1.419(R)|      FAST  |CLK_BUFGP         |   0.000|
Din<2>      |    2.133(R)|      SLOW  |   -1.452(R)|      FAST  |CLK_BUFGP         |   0.000|
Din<3>      |    1.739(R)|      SLOW  |   -1.195(R)|      SLOW  |CLK_BUFGP         |   0.000|
Din<4>      |    1.829(R)|      SLOW  |   -1.297(R)|      SLOW  |CLK_BUFGP         |   0.000|
Din<5>      |    1.760(R)|      SLOW  |   -1.235(R)|      SLOW  |CLK_BUFGP         |   0.000|
Din<6>      |    1.742(R)|      SLOW  |   -1.213(R)|      SLOW  |CLK_BUFGP         |   0.000|
Din<7>      |    1.459(R)|      SLOW  |   -0.945(R)|      SLOW  |CLK_BUFGP         |   0.000|
Din<8>      |    1.868(R)|      SLOW  |   -1.324(R)|      SLOW  |CLK_BUFGP         |   0.000|
Din<9>      |    1.802(R)|      SLOW  |   -1.261(R)|      SLOW  |CLK_BUFGP         |   0.000|
Din<10>     |    2.007(R)|      SLOW  |   -1.450(R)|      FAST  |CLK_BUFGP         |   0.000|
Din<11>     |    1.908(R)|      SLOW  |   -1.327(R)|      FAST  |CLK_BUFGP         |   0.000|
Din<12>     |    1.216(R)|      FAST  |   -0.704(R)|      SLOW  |CLK_BUFGP         |   0.000|
Din<13>     |    1.124(R)|      FAST  |   -0.605(R)|      SLOW  |CLK_BUFGP         |   0.000|
Din<14>     |    1.202(R)|      FAST  |   -0.677(R)|      SLOW  |CLK_BUFGP         |   0.000|
Din<15>     |    1.181(R)|      SLOW  |   -0.680(R)|      SLOW  |CLK_BUFGP         |   0.000|
Din<16>     |    1.062(R)|      FAST  |   -0.516(R)|      SLOW  |CLK_BUFGP         |   0.000|
Din<17>     |    1.123(R)|      FAST  |   -0.619(R)|      SLOW  |CLK_BUFGP         |   0.000|
Din<18>     |    1.075(R)|      FAST  |   -0.514(R)|      SLOW  |CLK_BUFGP         |   0.000|
Din<19>     |    1.014(R)|      FAST  |   -0.418(R)|      SLOW  |CLK_BUFGP         |   0.000|
Din<20>     |    0.914(R)|      FAST  |   -0.299(R)|      SLOW  |CLK_BUFGP         |   0.000|
Din<21>     |    0.950(R)|      FAST  |   -0.353(R)|      SLOW  |CLK_BUFGP         |   0.000|
Din<22>     |    1.015(R)|      FAST  |   -0.462(R)|      SLOW  |CLK_BUFGP         |   0.000|
Din<23>     |    0.983(R)|      FAST  |   -0.404(R)|      SLOW  |CLK_BUFGP         |   0.000|
Din<24>     |    0.950(R)|      FAST  |   -0.343(R)|      SLOW  |CLK_BUFGP         |   0.000|
Din<25>     |    0.941(R)|      FAST  |   -0.416(R)|      SLOW  |CLK_BUFGP         |   0.000|
Din<26>     |    0.981(R)|      FAST  |   -0.443(R)|      SLOW  |CLK_BUFGP         |   0.000|
Din<27>     |    0.819(R)|      FAST  |   -0.212(R)|      SLOW  |CLK_BUFGP         |   0.000|
Din<28>     |    0.884(R)|      FAST  |   -0.280(R)|      SLOW  |CLK_BUFGP         |   0.000|
Din<29>     |    0.859(R)|      FAST  |   -0.272(R)|      SLOW  |CLK_BUFGP         |   0.000|
Din<30>     |    0.799(R)|      FAST  |   -0.202(R)|      SLOW  |CLK_BUFGP         |   0.000|
Din<31>     |    0.817(R)|      FAST  |   -0.217(R)|      SLOW  |CLK_BUFGP         |   0.000|
Nin<0>      |    0.311(R)|      FAST  |    0.554(R)|      SLOW  |CLK_BUFGP         |   0.000|
Nin<1>      |    0.464(R)|      FAST  |    0.354(R)|      SLOW  |CLK_BUFGP         |   0.000|
Nin<2>      |    0.591(R)|      FAST  |    0.218(R)|      SLOW  |CLK_BUFGP         |   0.000|
Nin<3>      |    0.220(R)|      FAST  |    0.652(R)|      SLOW  |CLK_BUFGP         |   0.000|
Nin<4>      |    0.556(R)|      FAST  |    0.213(R)|      SLOW  |CLK_BUFGP         |   0.000|
Nin<5>      |    0.566(R)|      FAST  |    0.246(R)|      SLOW  |CLK_BUFGP         |   0.000|
Nin<6>      |    0.513(R)|      FAST  |    0.299(R)|      SLOW  |CLK_BUFGP         |   0.000|
Nin<7>      |    0.462(R)|      FAST  |    0.329(R)|      SLOW  |CLK_BUFGP         |   0.000|
Nin<8>      |    0.277(R)|      FAST  |    0.529(R)|      SLOW  |CLK_BUFGP         |   0.000|
Nin<9>      |    0.331(R)|      FAST  |    0.457(R)|      SLOW  |CLK_BUFGP         |   0.000|
Nin<10>     |    0.285(R)|      FAST  |    0.504(R)|      SLOW  |CLK_BUFGP         |   0.000|
Nin<11>     |    0.106(R)|      FAST  |    0.766(R)|      SLOW  |CLK_BUFGP         |   0.000|
Nin<12>     |    0.255(R)|      FAST  |    0.574(R)|      SLOW  |CLK_BUFGP         |   0.000|
Nin<13>     |    0.221(R)|      FAST  |    0.630(R)|      SLOW  |CLK_BUFGP         |   0.000|
Nin<14>     |    0.230(R)|      FAST  |    0.576(R)|      SLOW  |CLK_BUFGP         |   0.000|
Nin<15>     |    0.146(R)|      FAST  |    0.699(R)|      SLOW  |CLK_BUFGP         |   0.000|
Nin<16>     |    0.283(R)|      FAST  |    0.526(R)|      SLOW  |CLK_BUFGP         |   0.000|
Nin<17>     |    0.288(R)|      FAST  |    0.558(R)|      SLOW  |CLK_BUFGP         |   0.000|
Nin<18>     |    0.201(R)|      FAST  |    0.625(R)|      SLOW  |CLK_BUFGP         |   0.000|
Nin<19>     |    0.168(R)|      FAST  |    0.672(R)|      SLOW  |CLK_BUFGP         |   0.000|
Nin<20>     |    0.301(R)|      FAST  |    0.496(R)|      SLOW  |CLK_BUFGP         |   0.000|
Nin<21>     |    0.349(R)|      FAST  |    0.425(R)|      SLOW  |CLK_BUFGP         |   0.000|
Nin<22>     |    0.207(R)|      FAST  |    0.596(R)|      SLOW  |CLK_BUFGP         |   0.000|
Nin<23>     |    0.176(R)|      FAST  |    0.647(R)|      SLOW  |CLK_BUFGP         |   0.000|
Nin<24>     |    0.204(R)|      FAST  |    0.614(R)|      SLOW  |CLK_BUFGP         |   0.000|
Nin<25>     |    0.483(R)|      FAST  |    0.316(R)|      SLOW  |CLK_BUFGP         |   0.000|
Nin<26>     |    0.468(R)|      FAST  |    0.321(R)|      SLOW  |CLK_BUFGP         |   0.000|
Nin<27>     |    0.355(R)|      FAST  |    0.453(R)|      SLOW  |CLK_BUFGP         |   0.000|
Nin<28>     |    0.605(R)|      FAST  |    0.028(R)|      SLOW  |CLK_BUFGP         |   0.000|
Nin<29>     |    0.726(R)|      FAST  |   -0.076(R)|      SLOW  |CLK_BUFGP         |   0.000|
Nin<30>     |    0.940(R)|      FAST  |   -0.385(R)|      SLOW  |CLK_BUFGP         |   0.000|
Nin<31>     |    0.779(R)|      FAST  |   -0.175(R)|      SLOW  |CLK_BUFGP         |   0.000|
RST         |    7.461(R)|      SLOW  |   -1.077(R)|      FAST  |CLK_BUFGP         |   0.000|
STR         |    1.614(R)|      SLOW  |   -0.716(R)|      SLOW  |CLK_BUFGP         |   0.000|
------------+------------+------------+------------+------------+------------------+--------+

Clock CLK to Pad
--------------+-----------------+------------+-----------------+------------+------------------+--------+
              |Max (slowest) clk|  Process   |Min (fastest) clk|  Process   |                  | Clock  |
Destination   |  (edge) to PAD  |   Corner   |  (edge) to PAD  |   Corner   |Internal Clock(s) | Phase  |
--------------+-----------------+------------+-----------------+------------+------------------+--------+
ERROR_DIV_ZERO|        10.400(R)|      SLOW  |         5.771(R)|      FAST  |CLK_BUFGP         |   0.000|
Qout<0>       |         8.423(R)|      SLOW  |         4.583(R)|      FAST  |CLK_BUFGP         |   0.000|
Qout<1>       |         8.491(R)|      SLOW  |         4.618(R)|      FAST  |CLK_BUFGP         |   0.000|
Qout<2>       |         8.702(R)|      SLOW  |         4.763(R)|      FAST  |CLK_BUFGP         |   0.000|
Qout<3>       |         9.066(R)|      SLOW  |         4.985(R)|      FAST  |CLK_BUFGP         |   0.000|
Qout<4>       |         7.209(R)|      SLOW  |         3.832(R)|      FAST  |CLK_BUFGP         |   0.000|
Qout<5>       |         7.209(R)|      SLOW  |         3.832(R)|      FAST  |CLK_BUFGP         |   0.000|
Qout<6>       |         7.486(R)|      SLOW  |         3.967(R)|      FAST  |CLK_BUFGP         |   0.000|
Qout<7>       |         7.207(R)|      SLOW  |         3.812(R)|      FAST  |CLK_BUFGP         |   0.000|
Qout<8>       |         7.023(R)|      SLOW  |         3.725(R)|      FAST  |CLK_BUFGP         |   0.000|
Qout<9>       |         7.023(R)|      SLOW  |         3.725(R)|      FAST  |CLK_BUFGP         |   0.000|
Qout<10>      |         7.618(R)|      SLOW  |         4.105(R)|      FAST  |CLK_BUFGP         |   0.000|
Qout<11>      |         7.228(R)|      SLOW  |         3.821(R)|      FAST  |CLK_BUFGP         |   0.000|
Qout<12>      |         7.049(R)|      SLOW  |         3.736(R)|      FAST  |CLK_BUFGP         |   0.000|
Qout<13>      |         7.284(R)|      SLOW  |         3.874(R)|      FAST  |CLK_BUFGP         |   0.000|
Qout<14>      |         7.209(R)|      SLOW  |         3.814(R)|      FAST  |CLK_BUFGP         |   0.000|
Qout<15>      |         7.170(R)|      SLOW  |         3.822(R)|      FAST  |CLK_BUFGP         |   0.000|
Qout<16>      |         7.265(R)|      SLOW  |         3.896(R)|      FAST  |CLK_BUFGP         |   0.000|
Qout<17>      |         7.098(R)|      SLOW  |         3.767(R)|      FAST  |CLK_BUFGP         |   0.000|
Qout<18>      |         7.113(R)|      SLOW  |         3.724(R)|      FAST  |CLK_BUFGP         |   0.000|
Qout<19>      |         7.285(R)|      SLOW  |         3.835(R)|      FAST  |CLK_BUFGP         |   0.000|
Qout<20>      |         7.170(R)|      SLOW  |         3.763(R)|      FAST  |CLK_BUFGP         |   0.000|
Qout<21>      |         7.101(R)|      SLOW  |         3.712(R)|      FAST  |CLK_BUFGP         |   0.000|
Qout<22>      |         7.078(R)|      SLOW  |         3.727(R)|      FAST  |CLK_BUFGP         |   0.000|
Qout<23>      |         6.986(R)|      SLOW  |         3.640(R)|      FAST  |CLK_BUFGP         |   0.000|
Qout<24>      |         7.333(R)|      SLOW  |         3.859(R)|      FAST  |CLK_BUFGP         |   0.000|
Qout<25>      |         7.261(R)|      SLOW  |         3.820(R)|      FAST  |CLK_BUFGP         |   0.000|
Qout<26>      |         7.144(R)|      SLOW  |         3.780(R)|      FAST  |CLK_BUFGP         |   0.000|
Qout<27>      |         7.552(R)|      SLOW  |         4.016(R)|      FAST  |CLK_BUFGP         |   0.000|
Qout<28>      |         7.290(R)|      SLOW  |         3.834(R)|      FAST  |CLK_BUFGP         |   0.000|
Qout<29>      |         7.146(R)|      SLOW  |         3.749(R)|      FAST  |CLK_BUFGP         |   0.000|
Qout<30>      |         8.214(R)|      SLOW  |         4.388(R)|      FAST  |CLK_BUFGP         |   0.000|
Qout<31>      |         8.815(R)|      SLOW  |         4.762(R)|      FAST  |CLK_BUFGP         |   0.000|
READY         |         7.098(R)|      SLOW  |         3.706(R)|      FAST  |CLK_BUFGP         |   0.000|
Rout<0>       |         9.280(R)|      SLOW  |         5.111(R)|      FAST  |CLK_BUFGP         |   0.000|
Rout<1>       |         9.727(R)|      SLOW  |         5.428(R)|      FAST  |CLK_BUFGP         |   0.000|
Rout<2>       |         9.454(R)|      SLOW  |         5.219(R)|      FAST  |CLK_BUFGP         |   0.000|
Rout<3>       |         9.402(R)|      SLOW  |         5.203(R)|      FAST  |CLK_BUFGP         |   0.000|
Rout<4>       |         9.170(R)|      SLOW  |         5.037(R)|      FAST  |CLK_BUFGP         |   0.000|
Rout<5>       |         9.210(R)|      SLOW  |         5.082(R)|      FAST  |CLK_BUFGP         |   0.000|
Rout<6>       |        11.039(R)|      SLOW  |         6.178(R)|      FAST  |CLK_BUFGP         |   0.000|
Rout<7>       |        10.917(R)|      SLOW  |         6.099(R)|      FAST  |CLK_BUFGP         |   0.000|
Rout<8>       |         9.312(R)|      SLOW  |         5.126(R)|      FAST  |CLK_BUFGP         |   0.000|
Rout<9>       |        10.667(R)|      SLOW  |         5.938(R)|      FAST  |CLK_BUFGP         |   0.000|
Rout<10>      |         9.161(R)|      SLOW  |         5.025(R)|      FAST  |CLK_BUFGP         |   0.000|
Rout<11>      |        10.710(R)|      SLOW  |         5.971(R)|      FAST  |CLK_BUFGP         |   0.000|
Rout<12>      |         9.469(R)|      SLOW  |         5.259(R)|      FAST  |CLK_BUFGP         |   0.000|
Rout<13>      |         9.595(R)|      SLOW  |         5.323(R)|      FAST  |CLK_BUFGP         |   0.000|
Rout<14>      |         9.276(R)|      SLOW  |         5.151(R)|      FAST  |CLK_BUFGP         |   0.000|
Rout<15>      |         9.775(R)|      SLOW  |         5.397(R)|      FAST  |CLK_BUFGP         |   0.000|
Rout<16>      |         9.396(R)|      SLOW  |         5.171(R)|      FAST  |CLK_BUFGP         |   0.000|
Rout<17>      |         9.618(R)|      SLOW  |         5.301(R)|      FAST  |CLK_BUFGP         |   0.000|
Rout<18>      |         9.574(R)|      SLOW  |         5.287(R)|      FAST  |CLK_BUFGP         |   0.000|
Rout<19>      |        10.072(R)|      SLOW  |         5.568(R)|      FAST  |CLK_BUFGP         |   0.000|
Rout<20>      |         9.553(R)|      SLOW  |         5.265(R)|      FAST  |CLK_BUFGP         |   0.000|
Rout<21>      |         9.909(R)|      SLOW  |         5.507(R)|      FAST  |CLK_BUFGP         |   0.000|
Rout<22>      |         9.736(R)|      SLOW  |         5.375(R)|      FAST  |CLK_BUFGP         |   0.000|
Rout<23>      |         9.996(R)|      SLOW  |         5.524(R)|      FAST  |CLK_BUFGP         |   0.000|
Rout<24>      |         9.849(R)|      SLOW  |         5.449(R)|      FAST  |CLK_BUFGP         |   0.000|
Rout<25>      |        10.045(R)|      SLOW  |         5.590(R)|      FAST  |CLK_BUFGP         |   0.000|
Rout<26>      |        10.475(R)|      SLOW  |         5.824(R)|      FAST  |CLK_BUFGP         |   0.000|
Rout<27>      |        10.461(R)|      SLOW  |         5.789(R)|      FAST  |CLK_BUFGP         |   0.000|
Rout<28>      |        10.738(R)|      SLOW  |         5.979(R)|      FAST  |CLK_BUFGP         |   0.000|
Rout<29>      |        10.946(R)|      SLOW  |         6.109(R)|      FAST  |CLK_BUFGP         |   0.000|
Rout<30>      |        11.004(R)|      SLOW  |         6.199(R)|      FAST  |CLK_BUFGP         |   0.000|
Rout<31>      |        10.494(R)|      SLOW  |         5.814(R)|      FAST  |CLK_BUFGP         |   0.000|
--------------+-----------------+------------+-----------------+------------+------------------+--------+

Clock to Setup on destination clock CLK
---------------+---------+---------+---------+---------+
               | Src:Rise| Src:Fall| Src:Rise| Src:Fall|
Source Clock   |Dest:Rise|Dest:Rise|Dest:Fall|Dest:Fall|
---------------+---------+---------+---------+---------+
CLK            |    7.002|         |         |         |
---------------+---------+---------+---------+---------+


Analysis completed Tue Jun  6 09:25:33 2023 
--------------------------------------------------------------------------------

Trace Settings:
-------------------------
Trace Settings 

Peak Memory Usage: 444 MB



